{"target": -194.0, "params": {"bias_percent": 28.165313605974994, "step_size": 8.681608069473238, "theta": 12.56211640769029, "turn_percent": 7.899808286040622}, "datetime": {"datetime": "2025-05-27 18:27:40", "elapsed": 668.566826, "delta": 0.834139}}
{"target": -2000.0, "params": {"bias_percent": 43.64889126468979, "step_size": 1.000066842182155, "theta": 44.482627561671315, "turn_percent": 70.03981872618029}, "datetime": {"datetime": "2025-05-27 18:28:02", "elapsed": 690.830766, "delta": 22.26394}}
{"target": -1021.0, "params": {"bias_percent": 29.32102089568541, "step_size": 4.717648059787885, "theta": 47.86586770873313, "turn_percent": 90.25264963380145}, "datetime": {"datetime": "2025-05-27 18:28:04", "elapsed": 692.85995, "delta": 2.029184}}
{"target": -1217.0, "params": {"bias_percent": 19.326534577534254, "step_size": 6.647044156570581, "theta": 74.84750545673836, "turn_percent": 76.45772775174908}, "datetime": {"datetime": "2025-05-27 18:28:08", "elapsed": 696.957962, "delta": 4.098012}}
{"target": -530.0, "params": {"bias_percent": 49.00898281474965, "step_size": 4.267393948968965, "theta": 7.417083375823514, "turn_percent": 14.808341505117006}, "datetime": {"datetime": "2025-05-27 18:28:11", "elapsed": 699.232441, "delta": 2.274479}}
{"target": -1047.0, "params": {"bias_percent": 25.545395629594008, "step_size": 6.8957777826186994, "theta": 236.90023775894136, "turn_percent": 84.92163526146663}, "datetime": {"datetime": "2025-05-27 18:28:13", "elapsed": 701.455436, "delta": 2.222995}}
{"target": -1399.0, "params": {"bias_percent": 32.32525936387052, "step_size": 0.6472756079781106, "theta": 43.86310680534028, "turn_percent": 87.33500482060151}, "datetime": {"datetime": "2025-05-27 18:28:27", "elapsed": 715.61314, "delta": 14.157704}}
{"target": -1346.0, "params": {"bias_percent": 15.962927039324398, "step_size": 0.9680072732995865, "theta": 342.5177177365654, "turn_percent": 92.1396613976666}, "datetime": {"datetime": "2025-05-27 18:28:42", "elapsed": 730.97405, "delta": 15.36091}}
{"target": -374.0, "params": {"bias_percent": 3.80201791783642, "step_size": 6.00646244064975, "theta": 45.20785073882307, "turn_percent": 27.12014313921436}, "datetime": {"datetime": "2025-05-27 18:28:45", "elapsed": 733.281991, "delta": 2.307941}}
{"target": -294.0, "params": {"bias_percent": 11.018460841779943, "step_size": 5.760008135246437, "theta": 305.2483400458675, "turn_percent": 26.284201904344307}, "datetime": {"datetime": "2025-05-27 18:28:46", "elapsed": 734.757318, "delta": 1.475327}}
{"target": -2000.0, "params": {"bias_percent": 14.091192670972424, "step_size": 1.0415440772218052, "theta": 224.29250397143747, "turn_percent": 6.0433273739607944}, "datetime": {"datetime": "2025-05-27 18:28:51", "elapsed": 739.131111, "delta": 4.373793}}
{"target": -2000.0, "params": {"bias_percent": 12.983041958418745, "step_size": 2.3824496367346595, "theta": 46.064657337562316, "turn_percent": 4.867272898556763}, "datetime": {"datetime": "2025-05-27 18:28:56", "elapsed": 744.447728, "delta": 5.316617}}
{"target": -865.0, "params": {"bias_percent": 28.75343501067622, "step_size": 3.952499770951636, "theta": 221.07667168958994, "turn_percent": 49.53413886266402}, "datetime": {"datetime": "2025-05-27 18:29:04", "elapsed": 752.383404, "delta": 7.935676}}
{"target": -2000.0, "params": {"bias_percent": 38.69211063927852, "step_size": 1.0658925896731624, "theta": 209.3584659256157, "turn_percent": 15.304422418306284}, "datetime": {"datetime": "2025-05-27 18:29:08", "elapsed": 757.02677, "delta": 4.643366}}
{"target": -451.0, "params": {"bias_percent": 42.1187855802344, "step_size": 8.135742577628433, "theta": 353.5420914056103, "turn_percent": 38.92097452813077}, "datetime": {"datetime": "2025-05-27 18:29:11", "elapsed": 759.833885, "delta": 2.807115}}
