{"target": -84.0, "params": {"bias_percent": 20.8511002351287, "step_size": 7.231212485077365, "theta": 0.04117493424415919, "turn_percent": 30.233257263183976}, "datetime": {"datetime": "2025-05-27 18:16:31", "elapsed": 0.0, "delta": 0.0}}
{"target": -2000.0, "params": {"bias_percent": 7.337794540855652, "step_size": 1.0141520882110984, "theta": 67.05367609596152, "turn_percent": 34.556072704304775}, "datetime": {"datetime": "2025-05-27 18:16:38", "elapsed": 7.061187, "delta": 7.061187}}
{"target": -122.0, "params": {"bias_percent": 19.838373711533496, "step_size": 5.434285666633234, "theta": 150.91002518518613, "turn_percent": 68.52195003967594}, "datetime": {"datetime": "2025-05-27 18:16:39", "elapsed": 7.662075, "delta": 0.600888}}
{"target": -416.0, "params": {"bias_percent": 10.222612486575871, "step_size": 8.79336262027036, "theta": 9.859533551253419, "turn_percent": 67.04675101784022}, "datetime": {"datetime": "2025-05-27 18:16:43", "elapsed": 11.882207, "delta": 4.220132}}
{"target": -436.0, "params": {"bias_percent": 20.865240118356347, "step_size": 5.631029301612942, "theta": 50.539297894284154, "turn_percent": 19.81014890848788}, "datetime": {"datetime": "2025-05-27 18:16:44", "elapsed": 12.944774, "delta": 1.062567}}
{"target": -93.0, "params": {"bias_percent": 21.677635631640594, "step_size": 7.814909214778687, "theta": 151.5090154635283, "turn_percent": 67.33683325343513}, "datetime": {"datetime": "2025-05-27 18:16:45", "elapsed": 13.425065, "delta": 0.480291}}
{"target": -85.0, "params": {"bias_percent": 31.8035805666004, "step_size": 10.0, "theta": 21.46286054479027, "turn_percent": 11.946647942518307}, "datetime": {"datetime": "2025-05-27 18:16:45", "elapsed": 14.028722, "delta": 0.603657}}
{"target": -364.0, "params": {"bias_percent": 1.3729659260179161, "step_size": 9.8692767499848, "theta": 6.808659662154417, "turn_percent": 1.9034761747448448}, "datetime": {"datetime": "2025-05-27 18:16:47", "elapsed": 15.158385, "delta": 1.129663}}
{"target": -1116.0, "params": {"bias_percent": 50.0, "step_size": 0.1, "theta": 14.033698701558965, "turn_percent": 37.17002796842876}, "datetime": {"datetime": "2025-05-27 18:16:54", "elapsed": 22.685706, "delta": 7.527321}}
{"target": -2000.0, "params": {"bias_percent": 12.523898549034772, "step_size": 0.25238788384568445, "theta": 19.727768361638255, "turn_percent": 23.685387792193367}, "datetime": {"datetime": "2025-05-27 18:17:02", "elapsed": 30.632093, "delta": 7.946387}}
{"target": -170.0, "params": {"bias_percent": 30.462361074859025, "step_size": 10.0, "theta": 3.357287199365377, "turn_percent": 19.457413411896532}, "datetime": {"datetime": "2025-05-27 18:17:03", "elapsed": 31.156325, "delta": 0.524232}}
{"target": -836.0, "params": {"bias_percent": 37.047472761985816, "step_size": 10.0, "theta": 10.207602376854812, "turn_percent": 3.3058203861916975}, "datetime": {"datetime": "2025-05-27 18:17:07", "elapsed": 35.226555, "delta": 4.07023}}
{"target": -816.0, "params": {"bias_percent": 32.62334435982625, "step_size": 10.0, "theta": 0.0, "turn_percent": 33.32622547694906}, "datetime": {"datetime": "2025-05-27 18:17:12", "elapsed": 40.243886, "delta": 5.017331}}
{"target": -104.0, "params": {"bias_percent": 18.236089032570124, "step_size": 5.154476446091842, "theta": 0.9439073507773754, "turn_percent": 18.654772489047854}, "datetime": {"datetime": "2025-05-27 18:17:12", "elapsed": 40.522566, "delta": 0.27868}}
{"target": -174.0, "params": {"bias_percent": 35.306052227920006, "step_size": 8.211548768740485, "theta": 35.473189917413855, "turn_percent": 13.350497312042918}, "datetime": {"datetime": "2025-05-27 18:17:13", "elapsed": 41.162048, "delta": 0.639482}}
{"target": -213.0, "params": {"bias_percent": 13.02917320888738, "step_size": 8.166090614904354, "theta": 157.48952650389927, "turn_percent": 55.99678536448037}, "datetime": {"datetime": "2025-05-27 18:17:14", "elapsed": 42.194895, "delta": 1.032847}}
{"target": -268.0, "params": {"bias_percent": 20.333489236386836, "step_size": 7.309959501329963, "theta": 167.58437194648857, "turn_percent": 69.81805611114991}, "datetime": {"datetime": "2025-05-27 18:17:15", "elapsed": 43.912124, "delta": 1.717229}}
{"target": -1099.0, "params": {"bias_percent": 30.23691214621704, "step_size": 0.1, "theta": 157.49272143201813, "turn_percent": 56.728392665822405}, "datetime": {"datetime": "2025-05-27 18:17:21", "elapsed": 49.36861, "delta": 5.456486}}
{"target": -74.0, "params": {"bias_percent": 7.869139304256919, "step_size": 10.0, "theta": 157.2227071387952, "turn_percent": 70.54376337984489}, "datetime": {"datetime": "2025-05-27 18:17:21", "elapsed": 50.053394, "delta": 0.684784}}
{"target": -154.0, "params": {"bias_percent": 8.065872920375998, "step_size": 10.0, "theta": 142.07928969637743, "turn_percent": 63.21875328783417}, "datetime": {"datetime": "2025-05-27 18:17:22", "elapsed": 50.860848, "delta": 0.807454}}
{"target": -133.0, "params": {"bias_percent": 18.93383816744215, "step_size": 10.0, "theta": 152.86892321778808, "turn_percent": 84.64961162275263}, "datetime": {"datetime": "2025-05-27 18:17:24", "elapsed": 52.278542, "delta": 1.417694}}
{"target": -1738.0, "params": {"bias_percent": 21.236442466810573, "step_size": 10.0, "theta": 135.0889553916897, "turn_percent": 77.3358040657273}, "datetime": {"datetime": "2025-05-27 18:17:32", "elapsed": 61.011443, "delta": 8.732901}}
{"target": -92.0, "params": {"bias_percent": 11.769524834595192, "step_size": 10.0, "theta": 164.96207914060335, "turn_percent": 84.29742440603894}, "datetime": {"datetime": "2025-05-27 18:17:33", "elapsed": 62.023871, "delta": 1.012428}}
{"target": -49.0, "params": {"bias_percent": 27.752166358372268, "step_size": 10.0, "theta": 165.37554758455698, "turn_percent": 87.23573773742841}, "datetime": {"datetime": "2025-05-27 18:17:34", "elapsed": 62.788642, "delta": 0.764771}}
{"target": -1019.0, "params": {"bias_percent": 19.07276613691276, "step_size": 0.1, "theta": 161.95356644474512, "turn_percent": 95.99277967187709}, "datetime": {"datetime": "2025-05-27 18:17:37", "elapsed": 65.445654, "delta": 2.657012}}
{"target": -154.0, "params": {"bias_percent": 0.0, "step_size": 10.0, "theta": 151.28193482587676, "turn_percent": 56.6764848304706}, "datetime": {"datetime": "2025-05-27 18:17:38", "elapsed": 66.198352, "delta": 0.752698}}
{"target": -280.0, "params": {"bias_percent": 32.156720602982865, "step_size": 10.0, "theta": 158.63536461079372, "turn_percent": 77.57568827693434}, "datetime": {"datetime": "2025-05-27 18:17:41", "elapsed": 69.595713, "delta": 3.397361}}
{"target": -111.0, "params": {"bias_percent": 25.191301573424536, "step_size": 10.0, "theta": 181.17070791583302, "turn_percent": 83.17418160337523}, "datetime": {"datetime": "2025-05-27 18:17:42", "elapsed": 70.590049, "delta": 0.994336}}
{"target": -278.0, "params": {"bias_percent": 41.60532133592145, "step_size": 10.0, "theta": 176.72246002162134, "turn_percent": 87.23474050148694}, "datetime": {"datetime": "2025-05-27 18:17:46", "elapsed": 74.782985, "delta": 4.192936}}
{"target": -98.0, "params": {"bias_percent": 6.118287235469572, "step_size": 10.0, "theta": 181.3656811935892, "turn_percent": 76.83622540830882}, "datetime": {"datetime": "2025-05-27 18:17:47", "elapsed": 75.715342, "delta": 0.932357}}
{"target": -81.0, "params": {"bias_percent": 11.413969716958093, "step_size": 10.0, "theta": 194.27292906907533, "turn_percent": 88.63735726284133}, "datetime": {"datetime": "2025-05-27 18:17:49", "elapsed": 77.217017, "delta": 1.501675}}
{"target": -173.0, "params": {"bias_percent": 16.944082236103387, "step_size": 10.0, "theta": 196.42608925699, "turn_percent": 71.93164871210061}, "datetime": {"datetime": "2025-05-27 18:17:51", "elapsed": 79.184395, "delta": 1.967378}}
{"target": -1240.0, "params": {"bias_percent": 29.11836701894821, "step_size": 10.0, "theta": 201.0273328929924, "turn_percent": 88.7082082657633}, "datetime": {"datetime": "2025-05-27 18:17:55", "elapsed": 83.451444, "delta": 4.267049}}
{"target": -642.0, "params": {"bias_percent": 0.0, "step_size": 10.0, "theta": 197.80794067731227, "turn_percent": 78.26313682303703}, "datetime": {"datetime": "2025-05-27 18:18:00", "elapsed": 88.426483, "delta": 4.975039}}
{"target": -1401.0, "params": {"bias_percent": 10.555629559692436, "step_size": 0.572074868734844, "theta": 183.40070048487468, "turn_percent": 84.80867345305032}, "datetime": {"datetime": "2025-05-27 18:18:14", "elapsed": 102.654121, "delta": 14.227638}}
{"target": -35.0, "params": {"bias_percent": 20.536586743367142, "step_size": 9.596956943511627, "theta": 163.84975505772556, "turn_percent": 81.82624743735897}, "datetime": {"datetime": "2025-05-27 18:18:15", "elapsed": 103.231467, "delta": 0.577346}}
{"target": -197.0, "params": {"bias_percent": 1.1080507699911424, "step_size": 8.109513510491514, "theta": 171.75330626459854, "turn_percent": 66.8688186818202}, "datetime": {"datetime": "2025-05-27 18:18:16", "elapsed": 104.587182, "delta": 1.355715}}
{"target": -129.0, "params": {"bias_percent": 14.797364498116373, "step_size": 9.560918204093252, "theta": 181.0860079319856, "turn_percent": 63.21130615828163}, "datetime": {"datetime": "2025-05-27 18:18:17", "elapsed": 105.446096, "delta": 0.858914}}
{"target": -817.0, "params": {"bias_percent": 30.284704321922902, "step_size": 9.869621924276224, "theta": 188.1800438835538, "turn_percent": 68.91607216357}, "datetime": {"datetime": "2025-05-27 18:18:26", "elapsed": 114.413436, "delta": 8.96734}}
{"target": -82.0, "params": {"bias_percent": 1.817644659412343, "step_size": 7.260570855170976, "theta": 186.32392815647236, "turn_percent": 59.557044182469376}, "datetime": {"datetime": "2025-05-27 18:18:26", "elapsed": 114.962684, "delta": 0.549248}}
{"target": -437.0, "params": {"bias_percent": 11.1776906811154, "step_size": 10.0, "theta": 195.67077714328659, "turn_percent": 57.73702637115764}, "datetime": {"datetime": "2025-05-27 18:18:30", "elapsed": 118.853517, "delta": 3.890833}}
{"target": -153.0, "params": {"bias_percent": 5.6416780219266185, "step_size": 10.0, "theta": 174.81191907103252, "turn_percent": 52.436279834963614}, "datetime": {"datetime": "2025-05-27 18:18:31", "elapsed": 119.708064, "delta": 0.854547}}
{"target": -404.0, "params": {"bias_percent": 4.7326614903800746, "step_size": 5.021001519690337, "theta": 140.23056192046872, "turn_percent": 51.14513335795219}, "datetime": {"datetime": "2025-05-27 18:18:33", "elapsed": 121.644437, "delta": 1.936373}}
{"target": -1628.0, "params": {"bias_percent": 1.666519778323522, "step_size": 0.17472009272197092, "theta": 148.13629299299768, "turn_percent": 68.07271530294699}, "datetime": {"datetime": "2025-05-27 18:18:45", "elapsed": 134.059328, "delta": 12.414891}}
{"target": -1996.0, "params": {"bias_percent": 9.47149706005156, "step_size": 0.8220245371785622, "theta": 175.94815496180507, "turn_percent": 58.88924979943967}, "datetime": {"datetime": "2025-05-27 18:19:00", "elapsed": 148.148508, "delta": 14.08918}}
{"target": -112.0, "params": {"bias_percent": 14.90509214696471, "step_size": 9.710337991309482, "theta": 159.07580761012318, "turn_percent": 77.24325871398531}, "datetime": {"datetime": "2025-05-27 18:19:01", "elapsed": 149.731445, "delta": 1.582937}}
{"target": -135.0, "params": {"bias_percent": 15.595871811980517, "step_size": 10.0, "theta": 157.4399873038993, "turn_percent": 66.96678705019224}, "datetime": {"datetime": "2025-05-27 18:19:02", "elapsed": 150.510555, "delta": 0.77911}}
{"target": -391.0, "params": {"bias_percent": 26.381134737241815, "step_size": 10.0, "theta": 171.59815629662785, "turn_percent": 80.69519502459816}, "datetime": {"datetime": "2025-05-27 18:19:05", "elapsed": 153.659143, "delta": 3.148588}}
{"target": -108.0, "params": {"bias_percent": 10.417135492929464, "step_size": 7.870805538277436, "theta": 165.3918709129573, "turn_percent": 70.15652126293564}, "datetime": {"datetime": "2025-05-27 18:19:06", "elapsed": 154.458056, "delta": 0.798913}}
{"target": -163.0, "params": {"bias_percent": 14.824601342101936, "step_size": 10.0, "theta": 148.37511568651988, "turn_percent": 60.31979489503364}, "datetime": {"datetime": "2025-05-27 18:19:07", "elapsed": 155.685247, "delta": 1.227191}}
{"target": -381.0, "params": {"bias_percent": 4.212128972399149, "step_size": 10.0, "theta": 169.66512767509275, "turn_percent": 77.0136918374904}, "datetime": {"datetime": "2025-05-27 18:19:10", "elapsed": 158.27955, "delta": 2.594303}}
{"target": -127.0, "params": {"bias_percent": 0.0, "step_size": 10.0, "theta": 183.58313061604903, "turn_percent": 50.279970343014945}, "datetime": {"datetime": "2025-05-27 18:19:10", "elapsed": 158.828149, "delta": 0.548599}}
{"target": -1860.0, "params": {"bias_percent": 2.8146128183044037, "step_size": 10.0, "theta": 161.82597243919648, "turn_percent": 60.732702324366045}, "datetime": {"datetime": "2025-05-27 18:19:20", "elapsed": 168.220005, "delta": 9.391856}}
{"target": -171.0, "params": {"bias_percent": 23.395820984656357, "step_size": 5.947173545555339, "theta": 156.83887203515548, "turn_percent": 78.59839475166773}, "datetime": {"datetime": "2025-05-27 18:19:21", "elapsed": 169.747233, "delta": 1.527228}}
{"target": -68.0, "params": {"bias_percent": 7.589530473649186, "step_size": 8.48215512960222, "theta": 184.53796616691193, "turn_percent": 69.51225244733024}, "datetime": {"datetime": "2025-05-27 18:19:22", "elapsed": 170.196872, "delta": 0.449639}}
{"target": -833.0, "params": {"bias_percent": 15.14704876564773, "step_size": 2.144907020345138, "theta": 158.85594184075558, "turn_percent": 73.00602956858596}, "datetime": {"datetime": "2025-05-27 18:19:32", "elapsed": 180.815958, "delta": 10.619086}}
{"target": -432.0, "params": {"bias_percent": 6.68632482577245, "step_size": 10.0, "theta": 159.30281394262644, "turn_percent": 78.81311516624427}, "datetime": {"datetime": "2025-05-27 18:19:38", "elapsed": 186.823028, "delta": 6.00707}}
{"target": -90.0, "params": {"bias_percent": 14.937972099135072, "step_size": 9.9322752645962, "theta": 182.89199385943354, "turn_percent": 74.1019585695796}, "datetime": {"datetime": "2025-05-27 18:19:39", "elapsed": 187.421703, "delta": 0.598675}}
{"target": -38.0, "params": {"bias_percent": 26.19566161184945, "step_size": 10.0, "theta": 157.5911539886178, "turn_percent": 86.10481099262336}, "datetime": {"datetime": "2025-05-27 18:19:39", "elapsed": 187.917697, "delta": 0.495994}}
{"target": -190.0, "params": {"bias_percent": 3.3527863039963774, "step_size": 10.0, "theta": 176.71600177660702, "turn_percent": 43.829523574571716}, "datetime": {"datetime": "2025-05-27 18:19:40", "elapsed": 188.800367, "delta": 0.88267}}
{"target": -203.0, "params": {"bias_percent": 10.955331718268107, "step_size": 8.027942400926415, "theta": 176.64726008069653, "turn_percent": 70.98097073456803}, "datetime": {"datetime": "2025-05-27 18:19:41", "elapsed": 189.967738, "delta": 1.167371}}
{"target": -313.0, "params": {"bias_percent": 34.95201982099681, "step_size": 8.668801910917141, "theta": 26.05183167057493, "turn_percent": 19.368915281676024}, "datetime": {"datetime": "2025-05-27 18:19:43", "elapsed": 191.175358, "delta": 1.20762}}
{"target": -2000.0, "params": {"bias_percent": 30.405569188154523, "step_size": 0.990888360439215, "theta": 27.786499379372152, "turn_percent": 9.16732984363746}, "datetime": {"datetime": "2025-05-27 18:19:48", "elapsed": 196.987382, "delta": 5.812024}}
{"target": -170.0, "params": {"bias_percent": 8.205595090569862, "step_size": 10.0, "theta": 148.66304430533665, "turn_percent": 52.8852049897421}, "datetime": {"datetime": "2025-05-27 18:19:49", "elapsed": 197.762374, "delta": 0.774992}}
{"target": -2000.0, "params": {"bias_percent": 35.7990742798078, "step_size": 9.409498687420419, "theta": 15.169589128300998, "turn_percent": 19.036398760427375}, "datetime": {"datetime": "2025-05-27 18:19:57", "elapsed": 205.196687, "delta": 7.434313}}
{"target": -139.0, "params": {"bias_percent": 27.996889233018933, "step_size": 3.9519613800896005, "theta": 162.35946845404303, "turn_percent": 83.46208190403688}, "datetime": {"datetime": "2025-05-27 18:19:59", "elapsed": 207.479028, "delta": 2.282341}}
{"target": -1743.0, "params": {"bias_percent": 10.693392632060961, "step_size": 10.0, "theta": 190.42706814510595, "turn_percent": 74.93940686693578}, "datetime": {"datetime": "2025-05-27 18:20:10", "elapsed": 218.408875, "delta": 10.929847}}
{"target": -52.0, "params": {"bias_percent": 2.3714586093726178, "step_size": 8.876123442521173, "theta": 179.16362178595293, "turn_percent": 68.40285002059905}, "datetime": {"datetime": "2025-05-27 18:20:10", "elapsed": 218.916491, "delta": 0.507616}}
{"target": -71.0, "params": {"bias_percent": 16.16807012581297, "step_size": 9.536217845599303, "theta": 167.4375166077014, "turn_percent": 75.33381480914579}, "datetime": {"datetime": "2025-05-27 18:20:11", "elapsed": 219.550678, "delta": 0.634187}}
{"target": -1229.0, "params": {"bias_percent": 21.2104145603974, "step_size": 5.73327187808918, "theta": 160.46899786725317, "turn_percent": 87.01723462928237}, "datetime": {"datetime": "2025-05-27 18:20:18", "elapsed": 226.213927, "delta": 6.663249}}
{"target": -206.0, "params": {"bias_percent": 31.349016988764948, "step_size": 10.0, "theta": 160.96925352161892, "turn_percent": 84.61990338592616}, "datetime": {"datetime": "2025-05-27 18:20:21", "elapsed": 229.869448, "delta": 3.655521}}
{"target": -113.0, "params": {"bias_percent": 27.77560602872841, "step_size": 7.921430468357721, "theta": 153.23507474064772, "turn_percent": 81.72021187581564}, "datetime": {"datetime": "2025-05-27 18:20:23", "elapsed": 231.439545, "delta": 1.570097}}
{"target": -129.0, "params": {"bias_percent": 24.93792190578302, "step_size": 8.954310338255338, "theta": 163.75644164507932, "turn_percent": 77.54614552425691}, "datetime": {"datetime": "2025-05-27 18:20:24", "elapsed": 232.49927, "delta": 1.059725}}
{"target": -213.0, "params": {"bias_percent": 23.405294764165962, "step_size": 8.798316643099739, "theta": 0.26992121662959295, "turn_percent": 22.8517973986447}, "datetime": {"datetime": "2025-05-27 18:20:24", "elapsed": 233.114629, "delta": 0.615359}}
{"target": -154.0, "params": {"bias_percent": 0.14720833355309493, "step_size": 9.51250093875998, "theta": 186.47599890946373, "turn_percent": 65.78353269204726}, "datetime": {"datetime": "2025-05-27 18:20:25", "elapsed": 233.99628, "delta": 0.881651}}
{"target": -342.0, "params": {"bias_percent": 0.0259332501217735, "step_size": 9.564268758431282, "theta": 177.89502707143956, "turn_percent": 60.45155342738106}, "datetime": {"datetime": "2025-05-27 18:20:27", "elapsed": 235.688803, "delta": 1.692523}}
{"target": -114.0, "params": {"bias_percent": 17.34563495460918, "step_size": 10.0, "theta": 176.45153498390152, "turn_percent": 77.40091227410039}, "datetime": {"datetime": "2025-05-27 18:20:28", "elapsed": 236.741577, "delta": 1.052774}}
{"target": -99.0, "params": {"bias_percent": 17.825254136370695, "step_size": 8.600332634681141, "theta": 151.8344254624103, "turn_percent": 75.69898233926693}, "datetime": {"datetime": "2025-05-27 18:20:29", "elapsed": 237.531217, "delta": 0.78964}}
{"target": -277.0, "params": {"bias_percent": 20.92365347555315, "step_size": 5.859961716133705, "theta": 179.44641621598953, "turn_percent": 73.8439752349124}, "datetime": {"datetime": "2025-05-27 18:20:31", "elapsed": 240.037187, "delta": 2.50597}}
{"target": -444.0, "params": {"bias_percent": 14.157179080178, "step_size": 5.734991301268744, "theta": 0.6261681214446302, "turn_percent": 26.25273065933259}, "datetime": {"datetime": "2025-05-27 18:20:33", "elapsed": 241.65987, "delta": 1.622683}}
{"target": -383.0, "params": {"bias_percent": 23.47725401785897, "step_size": 5.901337360508581, "theta": 0.4972042759972961, "turn_percent": 12.935787970223323}, "datetime": {"datetime": "2025-05-27 18:20:34", "elapsed": 243.092769, "delta": 1.432899}}
{"target": -248.0, "params": {"bias_percent": 8.244784022826902, "step_size": 10.0, "theta": 183.0545821350114, "turn_percent": 49.004739411279694}, "datetime": {"datetime": "2025-05-27 18:20:35", "elapsed": 243.981714, "delta": 0.888945}}
{"target": -180.0, "params": {"bias_percent": 33.76452433874592, "step_size": 4.926897529637935, "theta": 169.33417396733768, "turn_percent": 87.44737196029095}, "datetime": {"datetime": "2025-05-27 18:20:39", "elapsed": 247.179108, "delta": 3.197394}}
{"target": -1011.0, "params": {"bias_percent": 9.02780594485073, "step_size": 10.0, "theta": 197.9670631561079, "turn_percent": 95.2825435644044}, "datetime": {"datetime": "2025-05-27 18:20:41", "elapsed": 249.156944, "delta": 1.977836}}
{"target": -2000.0, "params": {"bias_percent": 13.0976923330212, "step_size": 10.0, "theta": 140.48197907616023, "turn_percent": 56.23599371017388}, "datetime": {"datetime": "2025-05-27 18:20:48", "elapsed": 256.998356, "delta": 7.841412}}
{"target": -73.0, "params": {"bias_percent": 12.783319812134813, "step_size": 8.851662343286687, "theta": 150.07345549753083, "turn_percent": 71.37752037367626}, "datetime": {"datetime": "2025-05-27 18:20:49", "elapsed": 257.431663, "delta": 0.433307}}
{"target": -233.0, "params": {"bias_percent": 23.773289171754364, "step_size": 9.979099774336317, "theta": 155.9053458912628, "turn_percent": 72.67571586036303}, "datetime": {"datetime": "2025-05-27 18:20:51", "elapsed": 260.012629, "delta": 2.580966}}
{"target": -1717.0, "params": {"bias_percent": 2.888041403451652, "step_size": 3.4955918090890106, "theta": 182.29315963281877, "turn_percent": 73.69055127701209}, "datetime": {"datetime": "2025-05-27 18:21:01", "elapsed": 269.712557, "delta": 9.699928}}
{"target": -165.0, "params": {"bias_percent": 18.74573458862463, "step_size": 6.660994407438311, "theta": 168.64025768895286, "turn_percent": 80.82663662217053}, "datetime": {"datetime": "2025-05-27 18:21:03", "elapsed": 271.464638, "delta": 1.752081}}
