{"target": -154.0, "params": {"bias_percent": 16.155296440632455, "step_size": 5.0835560955113115, "theta": 155.88437051549496, "turn_percent": 60.7948147992638}, "datetime": {"datetime": "2025-05-27 18:21:04", "elapsed": 272.145742, "delta": 0.681104}}
{"target": -42.0, "params": {"bias_percent": 8.793667271646816, "step_size": 9.398472728853283, "theta": 187.39845269092984, "turn_percent": 59.788431284284904}, "datetime": {"datetime": "2025-05-27 18:21:04", "elapsed": 272.471572, "delta": 0.32583}}
{"target": -69.0, "params": {"bias_percent": 3.5384287441529225, "step_size": 10.0, "theta": 190.0819291593699, "turn_percent": 53.824686566879876}, "datetime": {"datetime": "2025-05-27 18:21:04", "elapsed": 272.918483, "delta": 0.446911}}
{"target": -148.0, "params": {"bias_percent": 11.568084616032532, "step_size": 10.0, "theta": 172.7100147428689, "turn_percent": 81.2971080325268}, "datetime": {"datetime": "2025-05-27 18:21:06", "elapsed": 274.671734, "delta": 1.753251}}
{"target": -118.0, "params": {"bias_percent": 29.02686594883762, "step_size": 7.675787785575138, "theta": 178.30327623317464, "turn_percent": 89.90948681912539}, "datetime": {"datetime": "2025-05-27 18:21:09", "elapsed": 277.219187, "delta": 2.547453}}
{"target": -220.0, "params": {"bias_percent": 20.282446624027543, "step_size": 10.0, "theta": 202.6052275918352, "turn_percent": 68.77305863909359}, "datetime": {"datetime": "2025-05-27 18:21:10", "elapsed": 278.966548, "delta": 1.747361}}
{"target": -529.0, "params": {"bias_percent": 0.49475234555234865, "step_size": 9.58449235390634, "theta": 148.80049269798323, "turn_percent": 48.82239662766669}, "datetime": {"datetime": "2025-05-27 18:21:13", "elapsed": 281.26904, "delta": 2.302492}}
{"target": -772.0, "params": {"bias_percent": 0.0, "step_size": 3.1526655521336036, "theta": 189.50695778669265, "turn_percent": 51.4438834275467}, "datetime": {"datetime": "2025-05-27 18:21:17", "elapsed": 285.66576, "delta": 4.39672}}
{"target": -34.0, "params": {"bias_percent": 6.839470229942577, "step_size": 10.0, "theta": 182.16104985334175, "turn_percent": 64.38838325192278}, "datetime": {"datetime": "2025-05-27 18:21:17", "elapsed": 285.976371, "delta": 0.310611}}
{"target": -80.0, "params": {"bias_percent": 20.501036763240595, "step_size": 10.0, "theta": 153.784034453704, "turn_percent": 58.89101158984487}, "datetime": {"datetime": "2025-05-27 18:21:18", "elapsed": 286.490891, "delta": 0.51452}}
{"target": -1179.0, "params": {"bias_percent": 23.461991285515676, "step_size": 9.864090953616087, "theta": 172.81225154987996, "turn_percent": 89.15613359270857}, "datetime": {"datetime": "2025-05-27 18:21:22", "elapsed": 290.576276, "delta": 4.085385}}
{"target": -137.0, "params": {"bias_percent": 31.493900388881453, "step_size": 9.675740746323715, "theta": 184.17628003579924, "turn_percent": 84.64908907801272}, "datetime": {"datetime": "2025-05-27 18:21:23", "elapsed": 292.015721, "delta": 1.439445}}
{"target": -1350.0, "params": {"bias_percent": 33.0440695882385, "step_size": 3.505211387183709, "theta": 178.79094849766568, "turn_percent": 84.74809480716254}, "datetime": {"datetime": "2025-05-27 18:21:30", "elapsed": 298.600741, "delta": 6.58502}}
{"target": -141.0, "params": {"bias_percent": 1.9228894088382742, "step_size": 6.705684095802998, "theta": 192.9742692751098, "turn_percent": 62.514434686924204}, "datetime": {"datetime": "2025-05-27 18:21:31", "elapsed": 299.296197, "delta": 0.695456}}
{"target": -340.0, "params": {"bias_percent": 23.609553692629113, "step_size": 9.65847207417645, "theta": 185.81085111335148, "turn_percent": 90.44505915865835}, "datetime": {"datetime": "2025-05-27 18:21:34", "elapsed": 302.849306, "delta": 3.553109}}
{"target": -159.0, "params": {"bias_percent": 19.223589436864533, "step_size": 5.878435729360959, "theta": 196.16740105423003, "turn_percent": 65.81501669695338}, "datetime": {"datetime": "2025-05-27 18:21:35", "elapsed": 303.657757, "delta": 0.808451}}
{"target": -166.0, "params": {"bias_percent": 8.559773163005863, "step_size": 9.403937151954343, "theta": 149.44752736643224, "turn_percent": 66.12995586163638}, "datetime": {"datetime": "2025-05-27 18:21:36", "elapsed": 304.969222, "delta": 1.311465}}
{"target": -1522.0, "params": {"bias_percent": 16.084046961297076, "step_size": 9.82536681744226, "theta": 187.35086409809082, "turn_percent": 64.57084286528219}, "datetime": {"datetime": "2025-05-27 18:21:43", "elapsed": 311.721961, "delta": 6.752739}}
{"target": -233.0, "params": {"bias_percent": 15.580385943137454, "step_size": 9.680914781555249, "theta": 149.88150906434382, "turn_percent": 65.96484047848551}, "datetime": {"datetime": "2025-05-27 18:21:45", "elapsed": 313.799282, "delta": 2.077321}}
{"target": -151.0, "params": {"bias_percent": 10.738506815248, "step_size": 9.87879514333901, "theta": 175.95833189866931, "turn_percent": 76.38813237367124}, "datetime": {"datetime": "2025-05-27 18:21:46", "elapsed": 315.073891, "delta": 1.274609}}
{"target": -542.0, "params": {"bias_percent": 21.390189788271346, "step_size": 3.5637015447279485, "theta": 198.7545478018219, "turn_percent": 71.27748529291902}, "datetime": {"datetime": "2025-05-27 18:21:51", "elapsed": 319.929816, "delta": 4.855925}}
{"target": -188.0, "params": {"bias_percent": 13.903128447624137, "step_size": 7.435619751984232, "theta": 201.1033315285053, "turn_percent": 66.55076936175816}, "datetime": {"datetime": "2025-05-27 18:21:52", "elapsed": 321.007905, "delta": 1.078089}}
{"target": -1077.0, "params": {"bias_percent": 31.67541083102088, "step_size": 10.0, "theta": 183.03478226796238, "turn_percent": 92.67463654199233}, "datetime": {"datetime": "2025-05-27 18:21:55", "elapsed": 323.507825, "delta": 2.49992}}
{"target": -422.0, "params": {"bias_percent": 4.217030999421728, "step_size": 9.88946063922684, "theta": 147.0657038964747, "turn_percent": 59.52970563866339}, "datetime": {"datetime": "2025-05-27 18:21:58", "elapsed": 326.920493, "delta": 3.412668}}
{"target": -142.0, "params": {"bias_percent": 16.317879880174885, "step_size": 6.774053635134826, "theta": 152.00014469051112, "turn_percent": 55.00408322497038}, "datetime": {"datetime": "2025-05-27 18:21:59", "elapsed": 327.561265, "delta": 0.640772}}
{"target": -295.0, "params": {"bias_percent": 30.647898306264548, "step_size": 6.123696841248812, "theta": 167.0111534120867, "turn_percent": 82.19172074789371}, "datetime": {"datetime": "2025-05-27 18:22:03", "elapsed": 331.901104, "delta": 4.339839}}
{"target": -536.0, "params": {"bias_percent": 17.762002004365563, "step_size": 4.291962289320372, "theta": 171.85214585502624, "turn_percent": 74.35441264017506}, "datetime": {"datetime": "2025-05-27 18:22:09", "elapsed": 337.666511, "delta": 5.765407}}
{"target": -341.0, "params": {"bias_percent": 16.82389562287715, "step_size": 9.83370496657615, "theta": 177.20335688685384, "turn_percent": 68.77548048510613}, "datetime": {"datetime": "2025-05-27 18:22:13", "elapsed": 341.536033, "delta": 3.869522}}
{"target": -1238.0, "params": {"bias_percent": 22.928474109296047, "step_size": 9.449068355456863, "theta": 148.19956902518632, "turn_percent": 80.62517854863994}, "datetime": {"datetime": "2025-05-27 18:22:17", "elapsed": 345.757638, "delta": 4.221605}}
{"target": -362.0, "params": {"bias_percent": 5.044551423685773, "step_size": 7.995999363796103, "theta": 182.5145030044719, "turn_percent": 56.29128413046944}, "datetime": {"datetime": "2025-05-27 18:22:19", "elapsed": 347.878955, "delta": 2.121317}}
{"target": -1307.0, "params": {"bias_percent": 11.439158990961095, "step_size": 9.40836685271167, "theta": 151.4126881369427, "turn_percent": 80.85163160707057}, "datetime": {"datetime": "2025-05-27 18:22:25", "elapsed": 353.130818, "delta": 5.251863}}
{"target": -1369.0, "params": {"bias_percent": 8.944673135068214, "step_size": 9.678958467177898, "theta": 166.2838731454614, "turn_percent": 78.84756012489125}, "datetime": {"datetime": "2025-05-27 18:22:30", "elapsed": 358.699431, "delta": 5.568613}}
{"target": -339.0, "params": {"bias_percent": 13.79550125142055, "step_size": 9.203440589335633, "theta": 154.2956070234127, "turn_percent": 60.93290509939159}, "datetime": {"datetime": "2025-05-27 18:22:33", "elapsed": 361.288606, "delta": 2.589175}}
{"target": -1343.0, "params": {"bias_percent": 19.3838532758619, "step_size": 10.0, "theta": 162.64862189157037, "turn_percent": 76.45303707311928}, "datetime": {"datetime": "2025-05-27 18:22:38", "elapsed": 366.320566, "delta": 5.03196}}
{"target": -712.0, "params": {"bias_percent": 5.367029904325948, "step_size": 6.556279984194814, "theta": 188.87486366073082, "turn_percent": 61.961798244565955}, "datetime": {"datetime": "2025-05-27 18:22:45", "elapsed": 374.060742, "delta": 7.740176}}
{"target": -794.0, "params": {"bias_percent": 1.0244912491483515, "step_size": 8.667250986701813, "theta": 187.22179010803114, "turn_percent": 54.972766858554834}, "datetime": {"datetime": "2025-05-27 18:22:52", "elapsed": 380.99287, "delta": 6.932128}}
{"target": -1566.0, "params": {"bias_percent": 17.501100237103792, "step_size": 8.434637448747985, "theta": 198.7069361483281, "turn_percent": 68.16333135320433}, "datetime": {"datetime": "2025-05-27 18:23:00", "elapsed": 388.710885, "delta": 7.718015}}
{"target": -1193.0, "params": {"bias_percent": 17.990162915688973, "step_size": 9.014622961110089, "theta": 152.49104367235492, "turn_percent": 83.78621516855564}, "datetime": {"datetime": "2025-05-27 18:23:04", "elapsed": 392.51273, "delta": 3.801845}}
{"target": -1078.0, "params": {"bias_percent": 39.06316205036519, "step_size": 3.367870892056447, "theta": 73.27292382183347, "turn_percent": 94.42911742036021}, "datetime": {"datetime": "2025-05-27 18:23:07", "elapsed": 395.706106, "delta": 3.193376}}
{"target": -1176.0, "params": {"bias_percent": 37.433867527589406, "step_size": 6.314774930763079, "theta": 252.77720834731144, "turn_percent": 92.51954647961378}, "datetime": {"datetime": "2025-05-27 18:23:12", "elapsed": 400.205166, "delta": 4.49906}}
{"target": -2000.0, "params": {"bias_percent": 19.211562760563854, "step_size": 0.46298977157765, "theta": 23.12910777714569, "turn_percent": 21.560807970685637}, "datetime": {"datetime": "2025-05-27 18:23:22", "elapsed": 411.102695, "delta": 10.897529}}
{"target": -2000.0, "params": {"bias_percent": 40.243818406106534, "step_size": 3.1982813005537634, "theta": 135.36489116961286, "turn_percent": 26.019061551257494}, "datetime": {"datetime": "2025-05-27 18:23:29", "elapsed": 417.285769, "delta": 6.183074}}
{"target": -289.0, "params": {"bias_percent": 8.576985888148753, "step_size": 7.5796271428975475, "theta": 282.178484400731, "turn_percent": 52.41409586434598}, "datetime": {"datetime": "2025-05-27 18:23:30", "elapsed": 418.770418, "delta": 1.484649}}
{"target": -886.0, "params": {"bias_percent": 21.793700816803423, "step_size": 4.209454224769286, "theta": 199.6362311630763, "turn_percent": 19.197551256391353}, "datetime": {"datetime": "2025-05-27 18:23:35", "elapsed": 423.274379, "delta": 4.503961}}
{"target": -1037.0, "params": {"bias_percent": 32.48255669644246, "step_size": 1.0440326338464867, "theta": 25.03397994070295, "turn_percent": 95.09996051717741}, "datetime": {"datetime": "2025-05-27 18:23:38", "elapsed": 427.079579, "delta": 3.8052}}
{"target": -904.0, "params": {"bias_percent": 26.24649766890753, "step_size": 0.9503431643050747, "theta": 26.59417240983665, "turn_percent": 53.15813019352073}, "datetime": {"datetime": "2025-05-27 18:23:50", "elapsed": 438.726844, "delta": 11.647265}}
{"target": -2000.0, "params": {"bias_percent": 21.72280798890784, "step_size": 5.0067356219752845, "theta": 240.38681282317768, "turn_percent": 2.931876826645574}, "datetime": {"datetime": "2025-05-27 18:23:55", "elapsed": 443.889319, "delta": 5.162475}}
{"target": -508.0, "params": {"bias_percent": 23.12949935550564, "step_size": 7.293932866218287, "theta": 107.5239015221254, "turn_percent": 36.19750276391114}, "datetime": {"datetime": "2025-05-27 18:23:58", "elapsed": 446.51662, "delta": 2.627301}}
{"target": -648.0, "params": {"bias_percent": 19.348784226759385, "step_size": 6.050086408430743, "theta": 274.3733108054344, "turn_percent": 37.41653048929822}, "datetime": {"datetime": "2025-05-27 18:24:02", "elapsed": 450.548764, "delta": 4.032144}}
{"target": -1051.0, "params": {"bias_percent": 20.62093238847269, "step_size": 1.8479084070783318, "theta": 180.6544756930244, "turn_percent": 92.86708861129846}, "datetime": {"datetime": "2025-05-27 18:24:05", "elapsed": 454.085218, "delta": 3.536454}}
{"target": -674.0, "params": {"bias_percent": 26.711826100881563, "step_size": 3.651837569669474, "theta": 353.8994157693345, "turn_percent": 2.919457012127602}, "datetime": {"datetime": "2025-05-27 18:24:08", "elapsed": 456.304134, "delta": 2.218916}}
{"target": -2000.0, "params": {"bias_percent": 27.91772507318718, "step_size": 1.8922766869053662, "theta": 222.61715858976117, "turn_percent": 8.152332925211658}, "datetime": {"datetime": "2025-05-27 18:24:12", "elapsed": 460.804605, "delta": 4.500471}}
{"target": -1340.0, "params": {"bias_percent": 19.08470336171092, "step_size": 2.0638439594289846, "theta": 106.0250282892739, "turn_percent": 77.64951499818422}, "datetime": {"datetime": "2025-05-27 18:24:17", "elapsed": 466.090532, "delta": 5.285927}}
{"target": -601.0, "params": {"bias_percent": 16.673097203591585, "step_size": 3.803419170006795, "theta": 111.4837724023622, "turn_percent": 54.9553368293841}, "datetime": {"datetime": "2025-05-27 18:24:22", "elapsed": 470.712221, "delta": 4.621689}}
{"target": -765.0, "params": {"bias_percent": 2.060950853432786, "step_size": 6.9424644156365485, "theta": 185.95378845331223, "turn_percent": 60.23595619115806}, "datetime": {"datetime": "2025-05-27 18:24:31", "elapsed": 479.275356, "delta": 8.563135}}
{"target": -1051.0, "params": {"bias_percent": 4.894553172142219, "step_size": 6.3980443205481965, "theta": 21.83177883486829, "turn_percent": 97.02544967926995}, "datetime": {"datetime": "2025-05-27 18:24:34", "elapsed": 482.125857, "delta": 2.850501}}
{"target": -788.0, "params": {"bias_percent": 0.517481262318964, "step_size": 3.2105790661412654, "theta": 59.95304952448124, "turn_percent": 2.9976921484599406}, "datetime": {"datetime": "2025-05-27 18:24:36", "elapsed": 484.748621, "delta": 2.622764}}
{"target": -960.0, "params": {"bias_percent": 49.01601190447894, "step_size": 2.095829269750557, "theta": 84.65677542292136, "turn_percent": 65.79264785962572}, "datetime": {"datetime": "2025-05-27 18:24:49", "elapsed": 497.336879, "delta": 12.588258}}
{"target": -2000.0, "params": {"bias_percent": 10.489428241795384, "step_size": 1.6163937132761597, "theta": 234.4034421863358, "turn_percent": 36.32268478993089}, "datetime": {"datetime": "2025-05-27 18:24:59", "elapsed": 507.391297, "delta": 10.054418}}
{"target": -555.0, "params": {"bias_percent": 43.33695381928824, "step_size": 5.9121193453349985, "theta": 248.3190217680705, "turn_percent": 52.86821696411263}, "datetime": {"datetime": "2025-05-27 18:25:04", "elapsed": 512.2989, "delta": 4.907603}}
{"target": -224.0, "params": {"bias_percent": 30.379466832308825, "step_size": 6.903463832808329, "theta": 184.08823634764178, "turn_percent": 45.7321827094856}, "datetime": {"datetime": "2025-05-27 18:25:05", "elapsed": 513.360979, "delta": 1.062079}}
{"target": -1143.0, "params": {"bias_percent": 33.4209526581829, "step_size": 4.074968377820918, "theta": 26.050535183294436, "turn_percent": 92.79273543613431}, "datetime": {"datetime": "2025-05-27 18:25:10", "elapsed": 518.431389, "delta": 5.07041}}
{"target": -1181.0, "params": {"bias_percent": 41.167510728638554, "step_size": 4.087998897463256, "theta": 75.1200796010119, "turn_percent": 84.72085384749411}, "datetime": {"datetime": "2025-05-27 18:25:15", "elapsed": 523.469124, "delta": 5.037735}}
{"target": -2000.0, "params": {"bias_percent": 49.77191970912655, "step_size": 1.3032783228495801, "theta": 141.9450276839833, "turn_percent": 51.00643561472636}, "datetime": {"datetime": "2025-05-27 18:25:27", "elapsed": 535.177386, "delta": 11.708262}}
{"target": -1069.0, "params": {"bias_percent": 22.887936145738436, "step_size": 7.8776269047197705, "theta": 115.42276655936755, "turn_percent": 94.15203743761803}, "datetime": {"datetime": "2025-05-27 18:25:30", "elapsed": 538.430493, "delta": 3.253107}}
{"target": -1698.0, "params": {"bias_percent": 37.52921555587291, "step_size": 4.194409860146292, "theta": 190.3268554913558, "turn_percent": 73.01500303358449}, "datetime": {"datetime": "2025-05-27 18:25:39", "elapsed": 547.784009, "delta": 9.353516}}
{"target": -581.0, "params": {"bias_percent": 13.935461004223527, "step_size": 3.4200795882365336, "theta": 151.70087740962026, "turn_percent": 5.7527641311164945}, "datetime": {"datetime": "2025-05-27 18:25:41", "elapsed": 549.762549, "delta": 1.97854}}
{"target": -1427.0, "params": {"bias_percent": 11.18022425116481, "step_size": 6.29097808213192, "theta": 98.95357675116549, "turn_percent": 68.05546338501858}, "datetime": {"datetime": "2025-05-27 18:25:47", "elapsed": 555.412427, "delta": 5.649878}}
{"target": -1006.0, "params": {"bias_percent": 38.32377598290938, "step_size": 5.223094177441806, "theta": 23.472542567283632, "turn_percent": 96.35434754534926}, "datetime": {"datetime": "2025-05-27 18:25:48", "elapsed": 557.071891, "delta": 1.659464}}
{"target": -1236.0, "params": {"bias_percent": 26.32312996055503, "step_size": 7.048257697623119, "theta": 274.168604802856, "turn_percent": 80.05199986233072}, "datetime": {"datetime": "2025-05-27 18:25:53", "elapsed": 561.381889, "delta": 4.309998}}
{"target": -508.0, "params": {"bias_percent": 36.806412973625044, "step_size": 4.036303243264883, "theta": 322.02382264930634, "turn_percent": 74.35508840665666}, "datetime": {"datetime": "2025-05-27 18:26:00", "elapsed": 568.409326, "delta": 7.027437}}
{"target": -1032.0, "params": {"bias_percent": 21.10209165106775, "step_size": 2.3875409027148207, "theta": 264.6614035199171, "turn_percent": 93.394522189041}, "datetime": {"datetime": "2025-05-27 18:26:02", "elapsed": 570.7372, "delta": 2.327874}}
{"target": -1004.0, "params": {"bias_percent": 41.91517924692624, "step_size": 7.519871029314461, "theta": 96.04903661034658, "turn_percent": 97.51845042949087}, "datetime": {"datetime": "2025-05-27 18:26:04", "elapsed": 572.300175, "delta": 1.562975}}
{"target": -327.0, "params": {"bias_percent": 39.34698562256259, "step_size": 6.941471030982431, "theta": 200.2350469447199, "turn_percent": 19.17676942302475}, "datetime": {"datetime": "2025-05-27 18:26:05", "elapsed": 573.668241, "delta": 1.368066}}
{"target": -1093.0, "params": {"bias_percent": 0.26789004497005386, "step_size": 8.722291330058843, "theta": 106.4876089576528, "turn_percent": 72.2179894778206}, "datetime": {"datetime": "2025-05-27 18:26:07", "elapsed": 575.925215, "delta": 2.256974}}
{"target": -2000.0, "params": {"bias_percent": 22.227543226211438, "step_size": 1.5715531870287014, "theta": 261.62603542120837, "turn_percent": 46.37261725873668}, "datetime": {"datetime": "2025-05-27 18:26:15", "elapsed": 584.064269, "delta": 8.139054}}
{"target": -1002.0, "params": {"bias_percent": 48.056039598607356, "step_size": 7.889333620685985, "theta": 179.50554588082167, "turn_percent": 99.86409738479988}, "datetime": {"datetime": "2025-05-27 18:26:17", "elapsed": 585.531534, "delta": 1.467265}}
{"target": -1019.0, "params": {"bias_percent": 32.39965728977149, "step_size": 6.888010322671258, "theta": 124.41632198611985, "turn_percent": 86.18863905663858}, "datetime": {"datetime": "2025-05-27 18:26:19", "elapsed": 587.28773, "delta": 1.756196}}
{"target": -1373.0, "params": {"bias_percent": 10.008751559716856, "step_size": 3.9396847832734267, "theta": 180.76227332117034, "turn_percent": 73.36003718640127}, "datetime": {"datetime": "2025-05-27 18:26:23", "elapsed": 591.868747, "delta": 4.581017}}
{"target": -2000.0, "params": {"bias_percent": 49.64593080039638, "step_size": 0.2896324795583859, "theta": 180.0240757525944, "turn_percent": 77.83529779826337}, "datetime": {"datetime": "2025-05-27 18:26:48", "elapsed": 616.409386, "delta": 24.540639}}
{"target": -632.0, "params": {"bias_percent": 17.586251252790756, "step_size": 4.176990302378533, "theta": 14.69342556237811, "turn_percent": 22.19740049279354}, "datetime": {"datetime": "2025-05-27 18:26:52", "elapsed": 620.132724, "delta": 3.723338}}
{"target": -443.0, "params": {"bias_percent": 42.218643780047636, "step_size": 6.492866360911303, "theta": 247.19012488053045, "turn_percent": 63.652310814289635}, "datetime": {"datetime": "2025-05-27 18:26:56", "elapsed": 624.393504, "delta": 4.26078}}
{"target": -2000.0, "params": {"bias_percent": 13.330013792690625, "step_size": 1.1585414513331396, "theta": 18.578752849878484, "turn_percent": 20.024293666746406}, "datetime": {"datetime": "2025-05-27 18:27:02", "elapsed": 630.621716, "delta": 6.228212}}
{"target": -2000.0, "params": {"bias_percent": 10.1541571590195, "step_size": 0.10330640750779939, "theta": 23.4952753554562, "turn_percent": 68.45916046295207}, "datetime": {"datetime": "2025-05-27 18:27:29", "elapsed": 657.198125, "delta": 26.576409}}
{"target": -871.0, "params": {"bias_percent": 41.21414986099398, "step_size": 3.611631735409324, "theta": 139.55298148106775, "turn_percent": 21.768472422924734}, "datetime": {"datetime": "2025-05-27 18:27:33", "elapsed": 661.693482, "delta": 4.495357}}
{"target": -352.0, "params": {"bias_percent": 13.290522729932091, "step_size": 7.272072221531648, "theta": 227.00881147024208, "turn_percent": 68.83975347409397}, "datetime": {"datetime": "2025-05-27 18:27:38", "elapsed": 666.16052, "delta": 4.467038}}
{"target": -240.0, "params": {"bias_percent": 38.59456667774499, "step_size": 5.33661443711447, "theta": 151.55811895718563, "turn_percent": 59.25528300962891}, "datetime": {"datetime": "2025-05-27 18:27:39", "elapsed": 667.732687, "delta": 1.572167}}
